{"total": {"lines":{"total":204,"covered":175,"skipped":0,"pct":85.78},"statements":{"total":206,"covered":175,"skipped":0,"pct":84.95},"functions":{"total":43,"covered":29,"skipped":0,"pct":67.44},"branches":{"total":38,"covered":24,"skipped":0,"pct":63.15},"branchesTrue":{"total":0,"covered":0,"skipped":0,"pct":100}}
,"D:\\My staff\\andela\\ATLP\\my_brand_project\\my_brand_api\\src\\config\\cloudinary.js": {"lines":{"total":3,"covered":3,"skipped":0,"pct":100},"functions":{"total":0,"covered":0,"skipped":0,"pct":100},"statements":{"total":3,"covered":3,"skipped":0,"pct":100},"branches":{"total":0,"covered":0,"skipped":0,"pct":100}}
,"D:\\My staff\\andela\\ATLP\\my_brand_project\\my_brand_api\\src\\config\\db.js": {"lines":{"total":6,"covered":6,"skipped":0,"pct":100},"functions":{"total":2,"covered":2,"skipped":0,"pct":100},"statements":{"total":6,"covered":6,"skipped":0,"pct":100},"branches":{"total":4,"covered":2,"skipped":0,"pct":50}}
,"D:\\My staff\\andela\\ATLP\\my_brand_project\\my_brand_api\\src\\controllers\\articleController.js": {"lines":{"total":82,"covered":64,"skipped":0,"pct":78.04},"functions":{"total":28,"covered":17,"skipped":0,"pct":60.71},"statements":{"total":84,"covered":64,"skipped":0,"pct":76.19},"branches":{"total":20,"covered":11,"skipped":0,"pct":55}}
,"D:\\My staff\\andela\\ATLP\\my_brand_project\\my_brand_api\\src\\controllers\\messageContraller.js": {"lines":{"total":16,"covered":13,"skipped":0,"pct":81.25},"functions":{"total":5,"covered":4,"skipped":0,"pct":80},"statements":{"total":16,"covered":13,"skipped":0,"pct":81.25},"branches":{"total":2,"covered":1,"skipped":0,"pct":50}}
,"D:\\My staff\\andela\\ATLP\\my_brand_project\\my_brand_api\\src\\controllers\\userController.js": {"lines":{"total":30,"covered":26,"skipped":0,"pct":86.66},"functions":{"total":5,"covered":4,"skipped":0,"pct":80},"statements":{"total":30,"covered":26,"skipped":0,"pct":86.66},"branches":{"total":6,"covered":4,"skipped":0,"pct":66.66}}
,"D:\\My staff\\andela\\ATLP\\my_brand_project\\my_brand_api\\src\\helpers\\photoUpload.js": {"lines":{"total":9,"covered":7,"skipped":0,"pct":77.77},"functions":{"total":2,"covered":1,"skipped":0,"pct":50},"statements":{"total":9,"covered":7,"skipped":0,"pct":77.77},"branches":{"total":0,"covered":0,"skipped":0,"pct":100}}
,"D:\\My staff\\andela\\ATLP\\my_brand_project\\my_brand_api\\src\\helpers\\validation_schema.js": {"lines":{"total":8,"covered":8,"skipped":0,"pct":100},"functions":{"total":0,"covered":0,"skipped":0,"pct":100},"statements":{"total":8,"covered":8,"skipped":0,"pct":100},"branches":{"total":0,"covered":0,"skipped":0,"pct":100}}
,"D:\\My staff\\andela\\ATLP\\my_brand_project\\my_brand_api\\src\\middlewares\\AuthoMiddleware.js": {"lines":{"total":15,"covered":13,"skipped":0,"pct":86.66},"functions":{"total":1,"covered":1,"skipped":0,"pct":100},"statements":{"total":15,"covered":13,"skipped":0,"pct":86.66},"branches":{"total":6,"covered":6,"skipped":0,"pct":100}}
,"D:\\My staff\\andela\\ATLP\\my_brand_project\\my_brand_api\\src\\models\\articleModel.js": {"lines":{"total":4,"covered":4,"skipped":0,"pct":100},"functions":{"total":0,"covered":0,"skipped":0,"pct":100},"statements":{"total":4,"covered":4,"skipped":0,"pct":100},"branches":{"total":0,"covered":0,"skipped":0,"pct":100}}
,"D:\\My staff\\andela\\ATLP\\my_brand_project\\my_brand_api\\src\\models\\messageModel.js": {"lines":{"total":3,"covered":3,"skipped":0,"pct":100},"functions":{"total":0,"covered":0,"skipped":0,"pct":100},"statements":{"total":3,"covered":3,"skipped":0,"pct":100},"branches":{"total":0,"covered":0,"skipped":0,"pct":100}}
,"D:\\My staff\\andela\\ATLP\\my_brand_project\\my_brand_api\\src\\models\\userModel.js": {"lines":{"total":3,"covered":3,"skipped":0,"pct":100},"functions":{"total":0,"covered":0,"skipped":0,"pct":100},"statements":{"total":3,"covered":3,"skipped":0,"pct":100},"branches":{"total":0,"covered":0,"skipped":0,"pct":100}}
,"D:\\My staff\\andela\\ATLP\\my_brand_project\\my_brand_api\\src\\routers\\articleRouter.js": {"lines":{"total":12,"covered":12,"skipped":0,"pct":100},"functions":{"total":0,"covered":0,"skipped":0,"pct":100},"statements":{"total":12,"covered":12,"skipped":0,"pct":100},"branches":{"total":0,"covered":0,"skipped":0,"pct":100}}
,"D:\\My staff\\andela\\ATLP\\my_brand_project\\my_brand_api\\src\\routers\\messageRouter.js": {"lines":{"total":7,"covered":7,"skipped":0,"pct":100},"functions":{"total":0,"covered":0,"skipped":0,"pct":100},"statements":{"total":7,"covered":7,"skipped":0,"pct":100},"branches":{"total":0,"covered":0,"skipped":0,"pct":100}}
,"D:\\My staff\\andela\\ATLP\\my_brand_project\\my_brand_api\\src\\routers\\userRouter.js": {"lines":{"total":6,"covered":6,"skipped":0,"pct":100},"functions":{"total":0,"covered":0,"skipped":0,"pct":100},"statements":{"total":6,"covered":6,"skipped":0,"pct":100},"branches":{"total":0,"covered":0,"skipped":0,"pct":100}}
}
