{"total": {"lines":{"total":215,"covered":180,"skipped":0,"pct":83.72},"statements":{"total":217,"covered":180,"skipped":0,"pct":82.94},"functions":{"total":47,"covered":29,"skipped":0,"pct":61.7},"branches":{"total":40,"covered":25,"skipped":0,"pct":62.5},"branchesTrue":{"total":0,"covered":0,"skipped":0,"pct":100}}
,"E:\\my staff\\andela\\my_brand_api\\src\\config\\cloudinary.js": {"lines":{"total":3,"covered":3,"skipped":0,"pct":100},"functions":{"total":0,"covered":0,"skipped":0,"pct":100},"statements":{"total":3,"covered":3,"skipped":0,"pct":100},"branches":{"total":0,"covered":0,"skipped":0,"pct":100}}
,"E:\\my staff\\andela\\my_brand_api\\src\\config\\db.js": {"lines":{"total":6,"covered":6,"skipped":0,"pct":100},"functions":{"total":2,"covered":2,"skipped":0,"pct":100},"statements":{"total":6,"covered":6,"skipped":0,"pct":100},"branches":{"total":4,"covered":2,"skipped":0,"pct":50}}
,"E:\\my staff\\andela\\my_brand_api\\src\\controllers\\articleController.js": {"lines":{"total":82,"covered":64,"skipped":0,"pct":78.04},"functions":{"total":28,"covered":17,"skipped":0,"pct":60.71},"statements":{"total":84,"covered":64,"skipped":0,"pct":76.19},"branches":{"total":20,"covered":11,"skipped":0,"pct":55}}
,"E:\\my staff\\andela\\my_brand_api\\src\\controllers\\messageContraller.js": {"lines":{"total":22,"covered":14,"skipped":0,"pct":63.63},"functions":{"total":8,"covered":4,"skipped":0,"pct":50},"statements":{"total":22,"covered":14,"skipped":0,"pct":63.63},"branches":{"total":2,"covered":1,"skipped":0,"pct":50}}
,"E:\\my staff\\andela\\my_brand_api\\src\\controllers\\userController.js": {"lines":{"total":32,"covered":27,"skipped":0,"pct":84.37},"functions":{"total":6,"covered":4,"skipped":0,"pct":66.66},"statements":{"total":32,"covered":27,"skipped":0,"pct":84.37},"branches":{"total":8,"covered":5,"skipped":0,"pct":62.5}}
,"E:\\my staff\\andela\\my_brand_api\\src\\helpers\\photoUpload.js": {"lines":{"total":9,"covered":7,"skipped":0,"pct":77.77},"functions":{"total":2,"covered":1,"skipped":0,"pct":50},"statements":{"total":9,"covered":7,"skipped":0,"pct":77.77},"branches":{"total":0,"covered":0,"skipped":0,"pct":100}}
,"E:\\my staff\\andela\\my_brand_api\\src\\helpers\\validation_schema.js": {"lines":{"total":8,"covered":8,"skipped":0,"pct":100},"functions":{"total":0,"covered":0,"skipped":0,"pct":100},"statements":{"total":8,"covered":8,"skipped":0,"pct":100},"branches":{"total":0,"covered":0,"skipped":0,"pct":100}}
,"E:\\my staff\\andela\\my_brand_api\\src\\middlewares\\AuthoMiddleware.js": {"lines":{"total":15,"covered":13,"skipped":0,"pct":86.66},"functions":{"total":1,"covered":1,"skipped":0,"pct":100},"statements":{"total":15,"covered":13,"skipped":0,"pct":86.66},"branches":{"total":6,"covered":6,"skipped":0,"pct":100}}
,"E:\\my staff\\andela\\my_brand_api\\src\\models\\articleModel.js": {"lines":{"total":4,"covered":4,"skipped":0,"pct":100},"functions":{"total":0,"covered":0,"skipped":0,"pct":100},"statements":{"total":4,"covered":4,"skipped":0,"pct":100},"branches":{"total":0,"covered":0,"skipped":0,"pct":100}}
,"E:\\my staff\\andela\\my_brand_api\\src\\models\\messageModel.js": {"lines":{"total":3,"covered":3,"skipped":0,"pct":100},"functions":{"total":0,"covered":0,"skipped":0,"pct":100},"statements":{"total":3,"covered":3,"skipped":0,"pct":100},"branches":{"total":0,"covered":0,"skipped":0,"pct":100}}
,"E:\\my staff\\andela\\my_brand_api\\src\\models\\userModel.js": {"lines":{"total":3,"covered":3,"skipped":0,"pct":100},"functions":{"total":0,"covered":0,"skipped":0,"pct":100},"statements":{"total":3,"covered":3,"skipped":0,"pct":100},"branches":{"total":0,"covered":0,"skipped":0,"pct":100}}
,"E:\\my staff\\andela\\my_brand_api\\src\\routers\\articleRouter.js": {"lines":{"total":12,"covered":12,"skipped":0,"pct":100},"functions":{"total":0,"covered":0,"skipped":0,"pct":100},"statements":{"total":12,"covered":12,"skipped":0,"pct":100},"branches":{"total":0,"covered":0,"skipped":0,"pct":100}}
,"E:\\my staff\\andela\\my_brand_api\\src\\routers\\messageRouter.js": {"lines":{"total":8,"covered":8,"skipped":0,"pct":100},"functions":{"total":0,"covered":0,"skipped":0,"pct":100},"statements":{"total":8,"covered":8,"skipped":0,"pct":100},"branches":{"total":0,"covered":0,"skipped":0,"pct":100}}
,"E:\\my staff\\andela\\my_brand_api\\src\\routers\\userRouter.js": {"lines":{"total":8,"covered":8,"skipped":0,"pct":100},"functions":{"total":0,"covered":0,"skipped":0,"pct":100},"statements":{"total":8,"covered":8,"skipped":0,"pct":100},"branches":{"total":0,"covered":0,"skipped":0,"pct":100}}
}
