{"D:\\My staff\\andela\\ATLP\\my_brand_project\\my_brand_api\\src\\config\\cloudinary.js": {"path":"D:\\My staff\\andela\\ATLP\\my_brand_project\\my_brand_api\\src\\config\\cloudinary.js","statementMap":{"0":{"start":{"line":1,"column":17},"end":{"line":1,"column":41}},"1":{"start":{"line":3,"column":0},"end":{"line":7,"column":3}},"2":{"start":{"line":10,"column":0},"end":{"line":10,"column":37}}},"fnMap":{},"branchMap":{},"s":{"0":1,"1":1,"2":1},"f":{},"b":{},"_coverageSchema":"1a1c01bbd47fc00a2c39e90264f33305004495a9","hash":"b83deed49bec2f064c92f6c25778523c10570ab9","contentHash":"6f42aba13b99a803aa3a9c8e47c9c5f74bf1e6e8e9a2eb18ab657df4abc060d0"}
,"D:\\My staff\\andela\\ATLP\\my_brand_project\\my_brand_api\\src\\config\\db.js": {"path":"D:\\My staff\\andela\\ATLP\\my_brand_project\\my_brand_api\\src\\config\\db.js","statementMap":{"0":{"start":{"line":1,"column":16},"end":{"line":1,"column":35}},"1":{"start":{"line":2,"column":14},"end":{"line":2,"column":31}},"2":{"start":{"line":3,"column":0},"end":{"line":3,"column":16}},"3":{"start":{"line":7,"column":0},"end":{"line":18,"column":2}},"4":{"start":{"line":8,"column":2},"end":{"line":17,"column":50}},"5":{"start":{"line":17,"column":17},"end":{"line":17,"column":47}}},"fnMap":{"0":{"name":"(anonymous_0)","decl":{"start":{"line":7,"column":20},"end":{"line":7,"column":21}},"loc":{"start":{"line":7,"column":26},"end":{"line":18,"column":1}},"line":7},"1":{"name":"(anonymous_1)","decl":{"start":{"line":17,"column":10},"end":{"line":17,"column":11}},"loc":{"start":{"line":17,"column":16},"end":{"line":17,"column":48}},"line":17}},"branchMap":{"0":{"loc":{"start":{"line":9,"column":13},"end":{"line":13,"column":31}},"type":"cond-expr","locations":[{"start":{"line":10,"column":6},"end":{"line":10,"column":32}},{"start":{"line":11,"column":6},"end":{"line":13,"column":31}}],"line":9},"1":{"loc":{"start":{"line":11,"column":6},"end":{"line":13,"column":31}},"type":"cond-expr","locations":[{"start":{"line":12,"column":6},"end":{"line":12,"column":32}},{"start":{"line":13,"column":6},"end":{"line":13,"column":31}}],"line":11}},"s":{"0":1,"1":1,"2":1,"3":1,"4":1,"5":1},"f":{"0":1,"1":1},"b":{"0":[0,1],"1":[1,0]},"_coverageSchema":"1a1c01bbd47fc00a2c39e90264f33305004495a9","hash":"ffa4477863c471b324d66d55a51979662892df17","contentHash":"5f9e25e9889343885ab1c1e4315303b8797b71d4e88ff31725bcfa65b8ba52f1"}
,"D:\\My staff\\andela\\ATLP\\my_brand_project\\my_brand_api\\src\\controllers\\articleController.js": {"path":"D:\\My staff\\andela\\ATLP\\my_brand_project\\my_brand_api\\src\\controllers\\articleController.js","statementMap":{"0":{"start":{"line":1,"column":47},"end":{"line":1,"column":86}},"1":{"start":{"line":2,"column":14},"end":{"line":2,"column":47}},"2":{"start":{"line":3,"column":20},"end":{"line":3,"column":53}},"3":{"start":{"line":7,"column":12},"end":{"line":7,"column":22}},"4":{"start":{"line":8,"column":9},"end":{"line":8,"column":49}},"5":{"start":{"line":9,"column":9},"end":{"line":9,"column":54}},"6":{"start":{"line":10,"column":11},"end":{"line":10,"column":30}},"7":{"start":{"line":12,"column":4},"end":{"line":12,"column":39}},"8":{"start":{"line":14,"column":0},"end":{"line":20,"column":2}},"9":{"start":{"line":15,"column":4},"end":{"line":18,"column":6}},"10":{"start":{"line":17,"column":8},"end":{"line":17,"column":24}},"11":{"start":{"line":21,"column":0},"end":{"line":52,"column":2}},"12":{"start":{"line":23,"column":4},"end":{"line":50,"column":5}},"13":{"start":{"line":24,"column":31},"end":{"line":24,"column":74}},"14":{"start":{"line":25,"column":8},"end":{"line":46,"column":9}},"15":{"start":{"line":27,"column":31},"end":{"line":32,"column":18}},"16":{"start":{"line":33,"column":16},"end":{"line":36,"column":17}},"17":{"start":{"line":34,"column":30},"end":{"line":34,"column":52}},"18":{"start":{"line":35,"column":16},"end":{"line":35,"column":44}},"19":{"start":{"line":37,"column":12},"end":{"line":41,"column":45}},"20":{"start":{"line":39,"column":16},"end":{"line":39,"column":32}},"21":{"start":{"line":41,"column":26},"end":{"line":41,"column":44}},"22":{"start":{"line":45,"column":12},"end":{"line":45,"column":65}},"23":{"start":{"line":49,"column":8},"end":{"line":49,"column":33}},"24":{"start":{"line":53,"column":0},"end":{"line":65,"column":1}},"25":{"start":{"line":54,"column":15},"end":{"line":54,"column":25}},"26":{"start":{"line":55,"column":4},"end":{"line":64,"column":6}},"27":{"start":{"line":57,"column":8},"end":{"line":60,"column":55}},"28":{"start":{"line":58,"column":8},"end":{"line":58,"column":24}},"29":{"start":{"line":60,"column":8},"end":{"line":60,"column":55}},"30":{"start":{"line":63,"column":8},"end":{"line":63,"column":51}},"31":{"start":{"line":67,"column":0},"end":{"line":97,"column":1}},"32":{"start":{"line":68,"column":15},"end":{"line":68,"column":25}},"33":{"start":{"line":69,"column":28},"end":{"line":69,"column":36}},"34":{"start":{"line":70,"column":4},"end":{"line":96,"column":5}},"35":{"start":{"line":71,"column":31},"end":{"line":71,"column":101}},"36":{"start":{"line":72,"column":8},"end":{"line":92,"column":5}},"37":{"start":{"line":74,"column":8},"end":{"line":87,"column":10}},"38":{"start":{"line":76,"column":12},"end":{"line":77,"column":47}},"39":{"start":{"line":77,"column":12},"end":{"line":77,"column":47}},"40":{"start":{"line":78,"column":12},"end":{"line":79,"column":50}},"41":{"start":{"line":79,"column":12},"end":{"line":79,"column":50}},"42":{"start":{"line":80,"column":12},"end":{"line":82,"column":45}},"43":{"start":{"line":81,"column":26},"end":{"line":81,"column":54}},"44":{"start":{"line":82,"column":26},"end":{"line":82,"column":44}},"45":{"start":{"line":86,"column":12},"end":{"line":86,"column":67}},"46":{"start":{"line":91,"column":8},"end":{"line":91,"column":61}},"47":{"start":{"line":95,"column":0},"end":{"line":95,"column":13}},"48":{"start":{"line":99,"column":0},"end":{"line":115,"column":1}},"49":{"start":{"line":100,"column":15},"end":{"line":100,"column":25}},"50":{"start":{"line":101,"column":4},"end":{"line":114,"column":5}},"51":{"start":{"line":103,"column":8},"end":{"line":109,"column":10}},"52":{"start":{"line":105,"column":12},"end":{"line":105,"column":28}},"53":{"start":{"line":108,"column":12},"end":{"line":108,"column":67}},"54":{"start":{"line":113,"column":8},"end":{"line":113,"column":61}},"55":{"start":{"line":117,"column":0},"end":{"line":138,"column":1}},"56":{"start":{"line":118,"column":31},"end":{"line":118,"column":39}},"57":{"start":{"line":119,"column":18},"end":{"line":119,"column":30}},"58":{"start":{"line":121,"column":21},"end":{"line":125,"column":5}},"59":{"start":{"line":126,"column":4},"end":{"line":137,"column":62}},"60":{"start":{"line":128,"column":8},"end":{"line":135,"column":66}},"61":{"start":{"line":130,"column":12},"end":{"line":130,"column":46}},"62":{"start":{"line":131,"column":12},"end":{"line":133,"column":70}},"63":{"start":{"line":132,"column":26},"end":{"line":132,"column":42}},"64":{"start":{"line":133,"column":26},"end":{"line":133,"column":69}},"65":{"start":{"line":135,"column":13},"end":{"line":135,"column":66}},"66":{"start":{"line":137,"column":18},"end":{"line":137,"column":61}},"67":{"start":{"line":140,"column":0},"end":{"line":166,"column":1}},"68":{"start":{"line":141,"column":23},"end":{"line":141,"column":31}},"69":{"start":{"line":142,"column":18},"end":{"line":142,"column":30}},"70":{"start":{"line":144,"column":18},"end":{"line":146,"column":5}},"71":{"start":{"line":147,"column":4},"end":{"line":165,"column":50}},"72":{"start":{"line":149,"column":8},"end":{"line":163,"column":66}},"73":{"start":{"line":151,"column":26},"end":{"line":151,"column":96}},"74":{"start":{"line":151,"column":51},"end":{"line":151,"column":95}},"75":{"start":{"line":152,"column":12},"end":{"line":158,"column":13}},"76":{"start":{"line":153,"column":15},"end":{"line":153,"column":101}},"77":{"start":{"line":153,"column":56},"end":{"line":153,"column":100}},"78":{"start":{"line":157,"column":17},"end":{"line":157,"column":45}},"79":{"start":{"line":159,"column":12},"end":{"line":161,"column":70}},"80":{"start":{"line":160,"column":26},"end":{"line":160,"column":42}},"81":{"start":{"line":161,"column":26},"end":{"line":161,"column":69}},"82":{"start":{"line":163,"column":13},"end":{"line":163,"column":66}},"83":{"start":{"line":165,"column":18},"end":{"line":165,"column":49}}},"fnMap":{"0":{"name":"(anonymous_0)","decl":{"start":{"line":14,"column":25},"end":{"line":14,"column":26}},"loc":{"start":{"line":14,"column":44},"end":{"line":20,"column":1}},"line":14},"1":{"name":"(anonymous_1)","decl":{"start":{"line":16,"column":10},"end":{"line":16,"column":11}},"loc":{"start":{"line":16,"column":18},"end":{"line":18,"column":5}},"line":16},"2":{"name":"(anonymous_2)","decl":{"start":{"line":21,"column":27},"end":{"line":21,"column":28}},"loc":{"start":{"line":21,"column":54},"end":{"line":52,"column":1}},"line":21},"3":{"name":"(anonymous_3)","decl":{"start":{"line":38,"column":18},"end":{"line":38,"column":19}},"loc":{"start":{"line":38,"column":26},"end":{"line":40,"column":13}},"line":38},"4":{"name":"(anonymous_4)","decl":{"start":{"line":41,"column":19},"end":{"line":41,"column":20}},"loc":{"start":{"line":41,"column":26},"end":{"line":41,"column":44}},"line":41},"5":{"name":"(anonymous_5)","decl":{"start":{"line":53,"column":22},"end":{"line":53,"column":23}},"loc":{"start":{"line":53,"column":33},"end":{"line":65,"column":1}},"line":53},"6":{"name":"(anonymous_6)","decl":{"start":{"line":56,"column":10},"end":{"line":56,"column":11}},"loc":{"start":{"line":56,"column":18},"end":{"line":61,"column":5}},"line":56},"7":{"name":"(anonymous_7)","decl":{"start":{"line":62,"column":11},"end":{"line":62,"column":12}},"loc":{"start":{"line":62,"column":18},"end":{"line":64,"column":5}},"line":62},"8":{"name":"(anonymous_8)","decl":{"start":{"line":67,"column":22},"end":{"line":67,"column":23}},"loc":{"start":{"line":67,"column":39},"end":{"line":97,"column":1}},"line":67},"9":{"name":"(anonymous_9)","decl":{"start":{"line":75,"column":14},"end":{"line":75,"column":15}},"loc":{"start":{"line":75,"column":23},"end":{"line":84,"column":9}},"line":75},"10":{"name":"(anonymous_10)","decl":{"start":{"line":81,"column":18},"end":{"line":81,"column":19}},"loc":{"start":{"line":81,"column":26},"end":{"line":81,"column":54}},"line":81},"11":{"name":"(anonymous_11)","decl":{"start":{"line":82,"column":19},"end":{"line":82,"column":20}},"loc":{"start":{"line":82,"column":26},"end":{"line":82,"column":44}},"line":82},"12":{"name":"(anonymous_12)","decl":{"start":{"line":85,"column":15},"end":{"line":85,"column":16}},"loc":{"start":{"line":85,"column":22},"end":{"line":87,"column":9}},"line":85},"13":{"name":"(anonymous_13)","decl":{"start":{"line":99,"column":22},"end":{"line":99,"column":23}},"loc":{"start":{"line":99,"column":33},"end":{"line":115,"column":1}},"line":99},"14":{"name":"(anonymous_14)","decl":{"start":{"line":104,"column":14},"end":{"line":104,"column":15}},"loc":{"start":{"line":104,"column":22},"end":{"line":106,"column":9}},"line":104},"15":{"name":"(anonymous_15)","decl":{"start":{"line":107,"column":15},"end":{"line":107,"column":16}},"loc":{"start":{"line":107,"column":22},"end":{"line":109,"column":9}},"line":107},"16":{"name":"(anonymous_16)","decl":{"start":{"line":117,"column":28},"end":{"line":117,"column":29}},"loc":{"start":{"line":117,"column":39},"end":{"line":138,"column":1}},"line":117},"17":{"name":"(anonymous_17)","decl":{"start":{"line":127,"column":10},"end":{"line":127,"column":11}},"loc":{"start":{"line":127,"column":19},"end":{"line":136,"column":5}},"line":127},"18":{"name":"(anonymous_18)","decl":{"start":{"line":132,"column":18},"end":{"line":132,"column":19}},"loc":{"start":{"line":132,"column":26},"end":{"line":132,"column":42}},"line":132},"19":{"name":"(anonymous_19)","decl":{"start":{"line":133,"column":19},"end":{"line":133,"column":20}},"loc":{"start":{"line":133,"column":26},"end":{"line":133,"column":69}},"line":133},"20":{"name":"(anonymous_20)","decl":{"start":{"line":137,"column":11},"end":{"line":137,"column":12}},"loc":{"start":{"line":137,"column":18},"end":{"line":137,"column":61}},"line":137},"21":{"name":"(anonymous_21)","decl":{"start":{"line":140,"column":20},"end":{"line":140,"column":21}},"loc":{"start":{"line":140,"column":31},"end":{"line":166,"column":1}},"line":140},"22":{"name":"(anonymous_22)","decl":{"start":{"line":148,"column":10},"end":{"line":148,"column":11}},"loc":{"start":{"line":148,"column":19},"end":{"line":164,"column":5}},"line":148},"23":{"name":"(anonymous_23)","decl":{"start":{"line":151,"column":45},"end":{"line":151,"column":46}},"loc":{"start":{"line":151,"column":51},"end":{"line":151,"column":95}},"line":151},"24":{"name":"(anonymous_24)","decl":{"start":{"line":153,"column":50},"end":{"line":153,"column":51}},"loc":{"start":{"line":153,"column":56},"end":{"line":153,"column":100}},"line":153},"25":{"name":"(anonymous_25)","decl":{"start":{"line":160,"column":18},"end":{"line":160,"column":19}},"loc":{"start":{"line":160,"column":26},"end":{"line":160,"column":42}},"line":160},"26":{"name":"(anonymous_26)","decl":{"start":{"line":161,"column":19},"end":{"line":161,"column":20}},"loc":{"start":{"line":161,"column":26},"end":{"line":161,"column":69}},"line":161},"27":{"name":"(anonymous_27)","decl":{"start":{"line":165,"column":11},"end":{"line":165,"column":12}},"loc":{"start":{"line":165,"column":18},"end":{"line":165,"column":49}},"line":165}},"branchMap":{"0":{"loc":{"start":{"line":25,"column":8},"end":{"line":46,"column":9}},"type":"if","locations":[{"start":{"line":25,"column":8},"end":{"line":46,"column":9}},{"start":{"line":25,"column":8},"end":{"line":46,"column":9}}],"line":25},"1":{"loc":{"start":{"line":33,"column":16},"end":{"line":36,"column":17}},"type":"if","locations":[{"start":{"line":33,"column":16},"end":{"line":36,"column":17}},{"start":{"line":33,"column":16},"end":{"line":36,"column":17}}],"line":33},"2":{"loc":{"start":{"line":57,"column":8},"end":{"line":60,"column":55}},"type":"if","locations":[{"start":{"line":57,"column":8},"end":{"line":60,"column":55}},{"start":{"line":57,"column":8},"end":{"line":60,"column":55}}],"line":57},"3":{"loc":{"start":{"line":72,"column":8},"end":{"line":92,"column":5}},"type":"if","locations":[{"start":{"line":72,"column":8},"end":{"line":92,"column":5}},{"start":{"line":72,"column":8},"end":{"line":92,"column":5}}],"line":72},"4":{"loc":{"start":{"line":76,"column":12},"end":{"line":77,"column":47}},"type":"if","locations":[{"start":{"line":76,"column":12},"end":{"line":77,"column":47}},{"start":{"line":76,"column":12},"end":{"line":77,"column":47}}],"line":76},"5":{"loc":{"start":{"line":78,"column":12},"end":{"line":79,"column":50}},"type":"if","locations":[{"start":{"line":78,"column":12},"end":{"line":79,"column":50}},{"start":{"line":78,"column":12},"end":{"line":79,"column":50}}],"line":78},"6":{"loc":{"start":{"line":101,"column":4},"end":{"line":114,"column":5}},"type":"if","locations":[{"start":{"line":101,"column":4},"end":{"line":114,"column":5}},{"start":{"line":101,"column":4},"end":{"line":114,"column":5}}],"line":101},"7":{"loc":{"start":{"line":128,"column":8},"end":{"line":135,"column":66}},"type":"if","locations":[{"start":{"line":128,"column":8},"end":{"line":135,"column":66}},{"start":{"line":128,"column":8},"end":{"line":135,"column":66}}],"line":128},"8":{"loc":{"start":{"line":149,"column":8},"end":{"line":163,"column":66}},"type":"if","locations":[{"start":{"line":149,"column":8},"end":{"line":163,"column":66}},{"start":{"line":149,"column":8},"end":{"line":163,"column":66}}],"line":149},"9":{"loc":{"start":{"line":152,"column":12},"end":{"line":158,"column":13}},"type":"if","locations":[{"start":{"line":152,"column":12},"end":{"line":158,"column":13}},{"start":{"line":152,"column":12},"end":{"line":158,"column":13}}],"line":152}},"s":{"0":1,"1":1,"2":1,"3":1,"4":1,"5":1,"6":1,"7":1,"8":1,"9":6,"10":6,"11":1,"12":7,"13":7,"14":7,"15":7,"16":7,"17":1,"18":1,"19":7,"20":7,"21":0,"22":0,"23":0,"24":1,"25":1,"26":1,"27":1,"28":1,"29":0,"30":0,"31":1,"32":1,"33":1,"34":1,"35":1,"36":1,"37":1,"38":1,"39":1,"40":1,"41":1,"42":1,"43":1,"44":0,"45":0,"46":0,"47":0,"48":1,"49":1,"50":1,"51":1,"52":1,"53":0,"54":0,"55":1,"56":1,"57":1,"58":1,"59":1,"60":1,"61":1,"62":1,"63":1,"64":0,"65":0,"66":0,"67":1,"68":1,"69":1,"70":1,"71":1,"72":1,"73":1,"74":0,"75":1,"76":0,"77":0,"78":1,"79":1,"80":1,"81":0,"82":0,"83":0},"f":{"0":6,"1":6,"2":7,"3":7,"4":0,"5":1,"6":1,"7":0,"8":1,"9":1,"10":1,"11":0,"12":0,"13":1,"14":1,"15":0,"16":1,"17":1,"18":1,"19":0,"20":0,"21":1,"22":1,"23":0,"24":0,"25":1,"26":0,"27":0},"b":{"0":[7,0],"1":[1,6],"2":[1,0],"3":[1,0],"4":[1,0],"5":[1,0],"6":[1,0],"7":[1,0],"8":[1,0],"9":[0,1]},"_coverageSchema":"1a1c01bbd47fc00a2c39e90264f33305004495a9","hash":"eefeba413e17fbe9180aeac82338782b6dfbeab6","contentHash":"0b82d1a0abba0fffec6cc07bc036b0f1a81f78115fe973a3e6c7a4483bff04c3"}
,"D:\\My staff\\andela\\ATLP\\my_brand_project\\my_brand_api\\src\\controllers\\messageContraller.js": {"path":"D:\\My staff\\andela\\ATLP\\my_brand_project\\my_brand_api\\src\\controllers\\messageContraller.js","statementMap":{"0":{"start":{"line":1,"column":26},"end":{"line":1,"column":65}},"1":{"start":{"line":2,"column":16},"end":{"line":2,"column":49}},"2":{"start":{"line":4,"column":18},"end":{"line":19,"column":1}},"3":{"start":{"line":5,"column":2},"end":{"line":18,"column":3}},"4":{"start":{"line":6,"column":27},"end":{"line":6,"column":70}},"5":{"start":{"line":7,"column":18},"end":{"line":11,"column":6}},"6":{"start":{"line":12,"column":4},"end":{"line":15,"column":6}},"7":{"start":{"line":14,"column":8},"end":{"line":14,"column":65}},"8":{"start":{"line":17,"column":6},"end":{"line":17,"column":35}},"9":{"start":{"line":21,"column":21},"end":{"line":34,"column":1}},"10":{"start":{"line":22,"column":4},"end":{"line":32,"column":1}},"11":{"start":{"line":24,"column":4},"end":{"line":28,"column":34}},"12":{"start":{"line":26,"column":8},"end":{"line":26,"column":28}},"13":{"start":{"line":28,"column":18},"end":{"line":28,"column":33}},"14":{"start":{"line":31,"column":4},"end":{"line":31,"column":57}},"15":{"start":{"line":36,"column":0},"end":{"line":38,"column":1}}},"fnMap":{"0":{"name":"(anonymous_0)","decl":{"start":{"line":4,"column":18},"end":{"line":4,"column":19}},"loc":{"start":{"line":4,"column":35},"end":{"line":19,"column":1}},"line":4},"1":{"name":"(anonymous_1)","decl":{"start":{"line":13,"column":10},"end":{"line":13,"column":11}},"loc":{"start":{"line":13,"column":18},"end":{"line":15,"column":5}},"line":13},"2":{"name":"(anonymous_2)","decl":{"start":{"line":21,"column":21},"end":{"line":21,"column":22}},"loc":{"start":{"line":21,"column":38},"end":{"line":34,"column":1}},"line":21},"3":{"name":"(anonymous_3)","decl":{"start":{"line":25,"column":10},"end":{"line":25,"column":11}},"loc":{"start":{"line":25,"column":20},"end":{"line":27,"column":5}},"line":25},"4":{"name":"(anonymous_4)","decl":{"start":{"line":28,"column":11},"end":{"line":28,"column":12}},"loc":{"start":{"line":28,"column":18},"end":{"line":28,"column":33}},"line":28}},"branchMap":{"0":{"loc":{"start":{"line":22,"column":4},"end":{"line":32,"column":1}},"type":"if","locations":[{"start":{"line":22,"column":4},"end":{"line":32,"column":1}},{"start":{"line":22,"column":4},"end":{"line":32,"column":1}}],"line":22}},"s":{"0":1,"1":1,"2":1,"3":1,"4":1,"5":1,"6":1,"7":1,"8":0,"9":1,"10":1,"11":1,"12":1,"13":0,"14":0,"15":1},"f":{"0":1,"1":1,"2":1,"3":1,"4":0},"b":{"0":[1,0]},"_coverageSchema":"1a1c01bbd47fc00a2c39e90264f33305004495a9","hash":"18985536241d34b2898101c43383422e13de4ded","contentHash":"93892aae5bf02eb3db16edf739594d608ba20cd53a0987be432a891e381e283c"}
,"D:\\My staff\\andela\\ATLP\\my_brand_project\\my_brand_api\\src\\controllers\\userController.js": {"path":"D:\\My staff\\andela\\ATLP\\my_brand_project\\my_brand_api\\src\\controllers\\userController.js","statementMap":{"0":{"start":{"line":1,"column":46},"end":{"line":1,"column":85}},"1":{"start":{"line":2,"column":11},"end":{"line":2,"column":41}},"2":{"start":{"line":3,"column":10},"end":{"line":3,"column":33}},"3":{"start":{"line":4,"column":13},"end":{"line":4,"column":32}},"4":{"start":{"line":5,"column":17},"end":{"line":5,"column":35}},"5":{"start":{"line":7,"column":21},"end":{"line":35,"column":1}},"6":{"start":{"line":8,"column":4},"end":{"line":34,"column":5}},"7":{"start":{"line":9,"column":31},"end":{"line":9,"column":77}},"8":{"start":{"line":10,"column":24},"end":{"line":10,"column":72}},"9":{"start":{"line":11,"column":8},"end":{"line":31,"column":5}},"10":{"start":{"line":12,"column":8},"end":{"line":12,"column":66}},"11":{"start":{"line":14,"column":23},"end":{"line":14,"column":47}},"12":{"start":{"line":15,"column":33},"end":{"line":15,"column":80}},"13":{"start":{"line":16,"column":18},"end":{"line":21,"column":10}},"14":{"start":{"line":22,"column":8},"end":{"line":30,"column":37}},"15":{"start":{"line":23,"column":20},"end":{"line":29,"column":10}},"16":{"start":{"line":30,"column":20},"end":{"line":30,"column":36}},"17":{"start":{"line":33,"column":8},"end":{"line":33,"column":35}},"18":{"start":{"line":38,"column":16},"end":{"line":58,"column":1}},"19":{"start":{"line":39,"column":4},"end":{"line":57,"column":5}},"20":{"start":{"line":40,"column":29},"end":{"line":40,"column":74}},"21":{"start":{"line":41,"column":29},"end":{"line":41,"column":43}},"22":{"start":{"line":42,"column":17},"end":{"line":42,"column":44}},"23":{"start":{"line":43,"column":7},"end":{"line":53,"column":63}},"24":{"start":{"line":45,"column":11},"end":{"line":51,"column":10}},"25":{"start":{"line":53,"column":12},"end":{"line":53,"column":63}},"26":{"start":{"line":56,"column":8},"end":{"line":56,"column":45}},"27":{"start":{"line":61,"column":20},"end":{"line":63,"column":1}},"28":{"start":{"line":62,"column":4},"end":{"line":62,"column":66}},"29":{"start":{"line":65,"column":0},"end":{"line":67,"column":1}}},"fnMap":{"0":{"name":"(anonymous_0)","decl":{"start":{"line":7,"column":21},"end":{"line":7,"column":22}},"loc":{"start":{"line":7,"column":37},"end":{"line":35,"column":1}},"line":7},"1":{"name":"(anonymous_1)","decl":{"start":{"line":23,"column":14},"end":{"line":23,"column":15}},"loc":{"start":{"line":23,"column":20},"end":{"line":29,"column":10}},"line":23},"2":{"name":"(anonymous_2)","decl":{"start":{"line":30,"column":15},"end":{"line":30,"column":16}},"loc":{"start":{"line":30,"column":20},"end":{"line":30,"column":36}},"line":30},"3":{"name":"(anonymous_3)","decl":{"start":{"line":38,"column":16},"end":{"line":38,"column":17}},"loc":{"start":{"line":38,"column":33},"end":{"line":58,"column":1}},"line":38},"4":{"name":"(anonymous_4)","decl":{"start":{"line":61,"column":20},"end":{"line":61,"column":21}},"loc":{"start":{"line":61,"column":26},"end":{"line":63,"column":1}},"line":61}},"branchMap":{"0":{"loc":{"start":{"line":11,"column":8},"end":{"line":31,"column":5}},"type":"if","locations":[{"start":{"line":11,"column":8},"end":{"line":31,"column":5}},{"start":{"line":11,"column":8},"end":{"line":31,"column":5}}],"line":11},"1":{"loc":{"start":{"line":43,"column":7},"end":{"line":53,"column":63}},"type":"if","locations":[{"start":{"line":43,"column":7},"end":{"line":53,"column":63}},{"start":{"line":43,"column":7},"end":{"line":53,"column":63}}],"line":43},"2":{"loc":{"start":{"line":43,"column":10},"end":{"line":43,"column":64}},"type":"binary-expr","locations":[{"start":{"line":43,"column":10},"end":{"line":43,"column":14}},{"start":{"line":43,"column":19},"end":{"line":43,"column":63}}],"line":43}},"s":{"0":1,"1":1,"2":1,"3":1,"4":1,"5":1,"6":2,"7":2,"8":2,"9":2,"10":0,"11":2,"12":2,"13":2,"14":2,"15":2,"16":0,"17":0,"18":1,"19":9,"20":9,"21":8,"22":8,"23":8,"24":8,"25":0,"26":1,"27":1,"28":10,"29":1},"f":{"0":2,"1":2,"2":0,"3":9,"4":10},"b":{"0":[0,2],"1":[8,0],"2":[8,8]},"_coverageSchema":"1a1c01bbd47fc00a2c39e90264f33305004495a9","hash":"79db94eb512e8b4f45d8be0d7b74d81c22f89fa9","contentHash":"36d9a473f6b7aa8ae13878bfe2e571dceccd0f88181b83ca7a8275292be4d8cb"}
,"D:\\My staff\\andela\\ATLP\\my_brand_project\\my_brand_api\\src\\helpers\\photoUpload.js": {"path":"D:\\My staff\\andela\\ATLP\\my_brand_project\\my_brand_api\\src\\helpers\\photoUpload.js","statementMap":{"0":{"start":{"line":1,"column":15},"end":{"line":1,"column":46}},"1":{"start":{"line":4,"column":21},"end":{"line":16,"column":1}},"2":{"start":{"line":5,"column":4},"end":{"line":15,"column":5}},"3":{"start":{"line":6,"column":20},"end":{"line":6,"column":48}},"4":{"start":{"line":7,"column":23},"end":{"line":11,"column":9}},"5":{"start":{"line":10,"column":27},"end":{"line":10,"column":33}},"6":{"start":{"line":12,"column":8},"end":{"line":12,"column":22}},"7":{"start":{"line":14,"column":8},"end":{"line":14,"column":27}},"8":{"start":{"line":19,"column":0},"end":{"line":19,"column":30}}},"fnMap":{"0":{"name":"(anonymous_0)","decl":{"start":{"line":4,"column":21},"end":{"line":4,"column":22}},"loc":{"start":{"line":4,"column":36},"end":{"line":16,"column":1}},"line":4},"1":{"name":"(anonymous_1)","decl":{"start":{"line":10,"column":12},"end":{"line":10,"column":13}},"loc":{"start":{"line":10,"column":27},"end":{"line":10,"column":33}},"line":10}},"branchMap":{},"s":{"0":1,"1":1,"2":1,"3":1,"4":1,"5":0,"6":1,"7":0,"8":1},"f":{"0":1,"1":0},"b":{},"_coverageSchema":"1a1c01bbd47fc00a2c39e90264f33305004495a9","hash":"31ed7eb0872edc71fe9f4643afd19d24b4b885db","contentHash":"0043c5cfca1f30b5e63f7d8833e641610b3044547a41e94ca245ea5dac37188e"}
,"D:\\My staff\\andela\\ATLP\\my_brand_project\\my_brand_api\\src\\helpers\\validation_schema.js": {"path":"D:\\My staff\\andela\\ATLP\\my_brand_project\\my_brand_api\\src\\helpers\\validation_schema.js","statementMap":{"0":{"start":{"line":1,"column":16},"end":{"line":1,"column":30}},"1":{"start":{"line":2,"column":10},"end":{"line":2,"column":24}},"2":{"start":{"line":4,"column":20},"end":{"line":7,"column":2}},"3":{"start":{"line":9,"column":26},"end":{"line":13,"column":2}},"4":{"start":{"line":15,"column":23},"end":{"line":20,"column":2}},"5":{"start":{"line":21,"column":22},"end":{"line":24,"column":2}},"6":{"start":{"line":25,"column":20},"end":{"line":29,"column":2}},"7":{"start":{"line":31,"column":0},"end":{"line":33,"column":1}}},"fnMap":{},"branchMap":{},"s":{"0":1,"1":1,"2":1,"3":1,"4":1,"5":1,"6":1,"7":1},"f":{},"b":{},"_coverageSchema":"1a1c01bbd47fc00a2c39e90264f33305004495a9","hash":"b2e4f94c3ce8abd59903c14a5903ff33c5bea4d9","contentHash":"2833687bf403199ad27ad7e6806a35a9693badcdfb93e2d03279234dfcaa65a0"}
,"D:\\My staff\\andela\\ATLP\\my_brand_project\\my_brand_api\\src\\middlewares\\AuthoMiddleware.js": {"path":"D:\\My staff\\andela\\ATLP\\my_brand_project\\my_brand_api\\src\\middlewares\\AuthoMiddleware.js","statementMap":{"0":{"start":{"line":1,"column":12},"end":{"line":1,"column":35}},"1":{"start":{"line":2,"column":21},"end":{"line":2,"column":53}},"2":{"start":{"line":3,"column":13},"end":{"line":3,"column":43}},"3":{"start":{"line":5,"column":16},"end":{"line":32,"column":2}},"4":{"start":{"line":8,"column":2},"end":{"line":27,"column":3}},"5":{"start":{"line":12,"column":4},"end":{"line":26,"column":5}},"6":{"start":{"line":14,"column":6},"end":{"line":14,"column":53}},"7":{"start":{"line":17,"column":22},"end":{"line":17,"column":63}},"8":{"start":{"line":20,"column":6},"end":{"line":20,"column":68}},"9":{"start":{"line":22,"column":6},"end":{"line":22,"column":12}},"10":{"start":{"line":24,"column":6},"end":{"line":24,"column":24}},"11":{"start":{"line":25,"column":6},"end":{"line":25,"column":54}},"12":{"start":{"line":29,"column":2},"end":{"line":31,"column":3}},"13":{"start":{"line":30,"column":4},"end":{"line":30,"column":62}},"14":{"start":{"line":34,"column":0},"end":{"line":34,"column":28}}},"fnMap":{"0":{"name":"(anonymous_0)","decl":{"start":{"line":5,"column":29},"end":{"line":5,"column":30}},"loc":{"start":{"line":5,"column":55},"end":{"line":32,"column":1}},"line":5}},"branchMap":{"0":{"loc":{"start":{"line":8,"column":2},"end":{"line":27,"column":3}},"type":"if","locations":[{"start":{"line":8,"column":2},"end":{"line":27,"column":3}},{"start":{"line":8,"column":2},"end":{"line":27,"column":3}}],"line":8},"1":{"loc":{"start":{"line":9,"column":4},"end":{"line":10,"column":50}},"type":"binary-expr","locations":[{"start":{"line":9,"column":4},"end":{"line":9,"column":29}},{"start":{"line":10,"column":4},"end":{"line":10,"column":50}}],"line":9},"2":{"loc":{"start":{"line":29,"column":2},"end":{"line":31,"column":3}},"type":"if","locations":[{"start":{"line":29,"column":2},"end":{"line":31,"column":3}},{"start":{"line":29,"column":2},"end":{"line":31,"column":3}}],"line":29}},"s":{"0":1,"1":1,"2":1,"3":1,"4":13,"5":12,"6":12,"7":12,"8":12,"9":12,"10":0,"11":0,"12":13,"13":1,"14":1},"f":{"0":13},"b":{"0":[12,1],"1":[13,13],"2":[1,12]},"_coverageSchema":"1a1c01bbd47fc00a2c39e90264f33305004495a9","hash":"c87cbc9961234a4360e214050b5687fc106c2dcd","contentHash":"946240c162fbe5d58528230c2cdb154041599e519c25246e0a45ad015b2c7f38"}
,"D:\\My staff\\andela\\ATLP\\my_brand_project\\my_brand_api\\src\\models\\articleModel.js": {"path":"D:\\My staff\\andela\\ATLP\\my_brand_project\\my_brand_api\\src\\models\\articleModel.js","statementMap":{"0":{"start":{"line":1,"column":19},"end":{"line":1,"column":33}},"1":{"start":{"line":2,"column":17},"end":{"line":2,"column":36}},"2":{"start":{"line":4,"column":15},"end":{"line":44,"column":1}},"3":{"start":{"line":46,"column":0},"end":{"line":46,"column":50}}},"fnMap":{},"branchMap":{},"s":{"0":1,"1":1,"2":1,"3":1},"f":{},"b":{},"_coverageSchema":"1a1c01bbd47fc00a2c39e90264f33305004495a9","hash":"a1df8a7ef6aa91c62321d16f38eb4d5a604b6b24","contentHash":"d715a614e1dc537d45b0a356a39b157c634fc49ee7b7a1bbbdc763957f6dabd7"}
,"D:\\My staff\\andela\\ATLP\\my_brand_project\\my_brand_api\\src\\models\\messageModel.js": {"path":"D:\\My staff\\andela\\ATLP\\my_brand_project\\my_brand_api\\src\\models\\messageModel.js","statementMap":{"0":{"start":{"line":1,"column":17},"end":{"line":1,"column":36}},"1":{"start":{"line":3,"column":15},"end":{"line":20,"column":1}},"2":{"start":{"line":22,"column":0},"end":{"line":22,"column":50}}},"fnMap":{},"branchMap":{},"s":{"0":1,"1":1,"2":1},"f":{},"b":{},"_coverageSchema":"1a1c01bbd47fc00a2c39e90264f33305004495a9","hash":"5fb89df02b2ff441f36faf512489e0beace34cf2","contentHash":"43d7ddf0ca8b4d4fe2a208fd971f751a532b9624fe825d909c77eb3247446f5c"}
,"D:\\My staff\\andela\\ATLP\\my_brand_project\\my_brand_api\\src\\models\\userModel.js": {"path":"D:\\My staff\\andela\\ATLP\\my_brand_project\\my_brand_api\\src\\models\\userModel.js","statementMap":{"0":{"start":{"line":1,"column":17},"end":{"line":1,"column":36}},"1":{"start":{"line":3,"column":15},"end":{"line":21,"column":2}},"2":{"start":{"line":23,"column":0},"end":{"line":23,"column":44}}},"fnMap":{},"branchMap":{},"s":{"0":1,"1":1,"2":1},"f":{},"b":{},"_coverageSchema":"1a1c01bbd47fc00a2c39e90264f33305004495a9","hash":"f24cc382d32bebd20ad5a5bfe7ead9bf9c97f164","contentHash":"505ba0ee8006545fcb84923d690126cb3712a3f78e563b93841430bac08edc35"}
,"D:\\My staff\\andela\\ATLP\\my_brand_project\\my_brand_api\\src\\routers\\articleRouter.js": {"path":"D:\\My staff\\andela\\ATLP\\my_brand_project\\my_brand_api\\src\\routers\\articleRouter.js","statementMap":{"0":{"start":{"line":1,"column":16},"end":{"line":1,"column":34}},"1":{"start":{"line":2,"column":124},"end":{"line":2,"column":167}},"2":{"start":{"line":3,"column":20},"end":{"line":3,"column":61}},"3":{"start":{"line":4,"column":15},"end":{"line":4,"column":31}},"4":{"start":{"line":7,"column":0},"end":{"line":7,"column":30}},"5":{"start":{"line":9,"column":0},"end":{"line":9,"column":33}},"6":{"start":{"line":11,"column":0},"end":{"line":11,"column":44}},"7":{"start":{"line":13,"column":0},"end":{"line":13,"column":49}},"8":{"start":{"line":15,"column":0},"end":{"line":15,"column":50}},"9":{"start":{"line":17,"column":0},"end":{"line":17,"column":51}},"10":{"start":{"line":19,"column":0},"end":{"line":19,"column":40}},"11":{"start":{"line":22,"column":0},"end":{"line":22,"column":24}}},"fnMap":{},"branchMap":{},"s":{"0":1,"1":1,"2":1,"3":1,"4":1,"5":1,"6":1,"7":1,"8":1,"9":1,"10":1,"11":1},"f":{},"b":{},"_coverageSchema":"1a1c01bbd47fc00a2c39e90264f33305004495a9","hash":"1fd9a264ec4c74e2c26ac1418dba5256a5ef938d","contentHash":"4769fa0e0f2ef334d4f609a170699e4226d0fa0782d3e56abc85d8b9f26da890"}
,"D:\\My staff\\andela\\ATLP\\my_brand_project\\my_brand_api\\src\\routers\\messageRouter.js": {"path":"D:\\My staff\\andela\\ATLP\\my_brand_project\\my_brand_api\\src\\routers\\messageRouter.js","statementMap":{"0":{"start":{"line":1,"column":14},"end":{"line":1,"column":32}},"1":{"start":{"line":2,"column":40},"end":{"line":2,"column":83}},"2":{"start":{"line":3,"column":20},"end":{"line":3,"column":61}},"3":{"start":{"line":4,"column":13},"end":{"line":4,"column":29}},"4":{"start":{"line":6,"column":0},"end":{"line":6,"column":32}},"5":{"start":{"line":8,"column":0},"end":{"line":8,"column":38}},"6":{"start":{"line":10,"column":0},"end":{"line":10,"column":21}}},"fnMap":{},"branchMap":{},"s":{"0":1,"1":1,"2":1,"3":1,"4":1,"5":1,"6":1},"f":{},"b":{},"_coverageSchema":"1a1c01bbd47fc00a2c39e90264f33305004495a9","hash":"b908e22714b46b6c030c125b40d43a4c5a79dc34","contentHash":"aa60d983aa4792a8cfe43dd4b82812342871e0118543a277c33362bc0d009b85"}
,"D:\\My staff\\andela\\ATLP\\my_brand_project\\my_brand_api\\src\\routers\\userRouter.js": {"path":"D:\\My staff\\andela\\ATLP\\my_brand_project\\my_brand_api\\src\\routers\\userRouter.js","statementMap":{"0":{"start":{"line":1,"column":14},"end":{"line":1,"column":32}},"1":{"start":{"line":2,"column":37},"end":{"line":2,"column":77}},"2":{"start":{"line":4,"column":13},"end":{"line":4,"column":29}},"3":{"start":{"line":6,"column":0},"end":{"line":6,"column":38}},"4":{"start":{"line":8,"column":0},"end":{"line":8,"column":31}},"5":{"start":{"line":10,"column":0},"end":{"line":10,"column":21}}},"fnMap":{},"branchMap":{},"s":{"0":1,"1":1,"2":1,"3":1,"4":1,"5":1},"f":{},"b":{},"_coverageSchema":"1a1c01bbd47fc00a2c39e90264f33305004495a9","hash":"1feda9060e70c70ef7b9053f18251305ffceba86","contentHash":"86388237f63faf932c26ad7012e60128f26eaa420f4b895435d4fb79042ce12b"}
}
